Operating system: Microsoft Windows NT 6.2.9200.0
Opening INI file "D:\Disassembly\BetaSonic in Sonic 1\debut again\the-new-debut\SonPLN.ini"...
Game type is S1.
Loading Hidden Japanese Credits...
Loading plane mappings from file "tilemaps/Sega Logo 2.bin", using compression Enigma...
Loading palette file "palette/Title Screen.bin"...
Source: 0 Destination: 0 Length: 16
Loading 8x8 tiles from file "artnem/Sega Logo 2.bin", using compression Nemesis...
Load completed.
Opening INI file "D:\Disassembly\BetaSonic in Sonic 1\debut again\the-new-debut\SonPLN.ini"...
Game type is S1.
Loading Hidden Japanese Credits...
Plane mappings file "mapeni/japcreds.bin" not found.
8x8 tile file "artnem/japcreds.bin" not found.
Loading palette file "pallet/sonic.bin"...
Source: 1 Destination: 0 Length: 16
System.AggregateException: One or more errors occurred. ---> System.IO.FileNotFoundException: Palette file could not be loaded! Have you set up your disassembly properly?
   at SonicRetro.SonLVL.SonPLN.MainForm.LoadLevelPalette() in E:\Programs\SonLVL\SonPLN\MainForm.cs:line 440
   at System.Threading.Tasks.Task.InnerInvoke()
   at System.Threading.Tasks.Task.Execute()
   --- End of inner exception stack trace ---
   at System.Threading.Tasks.Task.FastWaitAll(Task[] tasks)
   at System.Threading.Tasks.Parallel.Invoke(ParallelOptions parallelOptions, Action[] actions)
   at System.Threading.Tasks.Parallel.Invoke(Action[] actions)
   at SonicRetro.SonLVL.SonPLN.MainForm.backgroundLevelLoader_DoWork(Object sender, DoWorkEventArgs e) in E:\Programs\SonLVL\SonPLN\MainForm.cs:line 321
---> (Inner Exception #0) System.IO.FileNotFoundException: Palette file could not be loaded! Have you set up your disassembly properly?
File name: 'pallet/sonic.bin'
   at SonicRetro.SonLVL.SonPLN.MainForm.LoadLevelPalette() in E:\Programs\SonLVL\SonPLN\MainForm.cs:line 440
   at System.Threading.Tasks.Task.InnerInvoke()
   at System.Threading.Tasks.Task.Execute()<---

Opening INI file "D:\Disassembly\BetaSonic in Sonic 1\debut again\the-new-debut\SonPLN.ini"...
Game type is S1.
Loading Hidden Japanese Credits...
Loading plane mappings from file "tilemaps/Hidden Japanese Credits.bin", using compression Enigma...
Loading 8x8 tiles from file "artnem/Hidden Japanese Credits.bin", using compression Nemesis...
Loading palette file "palette/Sega2.bin"...
Source: 16 Destination: 0 Length: 8
System.AggregateException: One or more errors occurred. ---> System.IndexOutOfRangeException: Index was outside the bounds of the array.
   at SonicRetro.SonLVL.SonPLN.MainForm.LoadLevelPalette() in E:\Programs\SonLVL\SonPLN\MainForm.cs:line 421
   at System.Threading.Tasks.Task.InnerInvoke()
   at System.Threading.Tasks.Task.Execute()
   --- End of inner exception stack trace ---
   at System.Threading.Tasks.Task.FastWaitAll(Task[] tasks)
   at System.Threading.Tasks.Parallel.Invoke(ParallelOptions parallelOptions, Action[] actions)
   at System.Threading.Tasks.Parallel.Invoke(Action[] actions)
   at SonicRetro.SonLVL.SonPLN.MainForm.backgroundLevelLoader_DoWork(Object sender, DoWorkEventArgs e) in E:\Programs\SonLVL\SonPLN\MainForm.cs:line 321
---> (Inner Exception #0) System.IndexOutOfRangeException: Index was outside the bounds of the array.
   at SonicRetro.SonLVL.SonPLN.MainForm.LoadLevelPalette() in E:\Programs\SonLVL\SonPLN\MainForm.cs:line 421
   at System.Threading.Tasks.Task.InnerInvoke()
   at System.Threading.Tasks.Task.Execute()<---

